[debug] [2022-05-04T11:17:14.205Z] ----------------------------------------------------------------------
[debug] [2022-05-04T11:17:14.207Z] Command:       C:\Program Files\nodejs\node.exe C:\Users\Nethaaji.M\AppData\Roaming\npm\node_modules\firebase-tools\lib\bin\firebase.js init
[debug] [2022-05-04T11:17:14.208Z] CLI Version:   10.7.2
[debug] [2022-05-04T11:17:14.208Z] Platform:      win32
[debug] [2022-05-04T11:17:14.208Z] Node Version:  v16.13.0
[debug] [2022-05-04T11:17:14.209Z] Time:          Wed May 04 2022 16:47:14 GMT+0530 (India Standard Time)
[debug] [2022-05-04T11:17:14.209Z] ----------------------------------------------------------------------
[debug] 
[debug] [2022-05-04T11:17:14.218Z] > command requires scopes: ["email","openid","https://www.googleapis.com/auth/cloudplatformprojects.readonly","https://www.googleapis.com/auth/firebase","https://www.googleapis.com/auth/cloud-platform"]
[debug] [2022-05-04T11:17:14.218Z] > authorizing via signed-in user (novitascse2022@gmail.com)
[info] 
     ######## #### ########  ######## ########     ###     ######  ########
     ##        ##  ##     ## ##       ##     ##  ##   ##  ##       ##
     ######    ##  ########  ######   ########  #########  ######  ######
     ##        ##  ##    ##  ##       ##     ## ##     ##       ## ##
     ##       #### ##     ## ######## ########  ##     ##  ######  ########

You're about to initialize a Firebase project in this directory:

  C:\Users\Nethaaji.M\praveen

[info] 
=== Project Setup
[info] 
[info] First, let's associate this project directory with a Firebase project.
[info] You can create multiple project aliases by running firebase use --add, 
[info] but for now we'll just set up a default project.
[info] 
[info] i  If you want to create a project in a Google Cloud organization or folder, please use "firebase projects:create" instead, and return to this command when you've created the project. 
[debug] [2022-05-04T11:18:47.771Z] Error: kill ENOSYS
    at process.kill (node:internal/process/per_thread:215:13)
    at process.listener (C:\Users\Nethaaji.M\AppData\Roaming\npm\node_modules\firebase-tools\node_modules\signal-exit\index.js:95:15)
    at process.emit (node:events:390:28)
[error] 
[error] Error: An unexpected error has occurred.
